
> diu-skyward-website@0.1.0 dev
> next dev

▲ Next.js 16.2.1 (Turbopack)
- Local:         http://localhost:3000
- Network:       http://192.168.0.101:3000
- Environments: .env
✓ Ready in 1450ms
Creating turbopack project {
  dir: 'C:\\Users\\Lenovo\\Downloads\\DIU Skyward test\\diuskyward-main',
  testMode: true
}

 GET / 200 in 1914ms (next.js: 545ms, proxy.ts: 222ms, application-code: 1147ms)
 GET / 200 in 218ms (next.js: 14ms, proxy.ts: 19ms, application-code: 185ms)
 GET /media/icons/diit.png 404 in 290ms (next.js: 97ms, application-code: 193ms)
 GET /media/images/team-group.jpg 404 in 220ms (next.js: 30ms, application-code: 190ms)
 GET /who-we-are 200 in 227ms (next.js: 107ms, proxy.ts: 18ms, application-code: 102ms)
 GET /media/images/skyward-logo.png 404 in 208ms (next.js: 16ms, application-code: 192ms)
 GET /media/images/team/apurba-roy.jpg 404 in 240ms (next.js: 25ms, application-code: 215ms)
 GET /team 200 in 272ms (next.js: 67ms, proxy.ts: 15ms, application-code: 191ms)
 GET /media/images/team-work.png 404 in 234ms (next.js: 60ms, application-code: 174ms)
 GET /team/rocket 200 in 161ms (next.js: 68ms, proxy.ts: 9ms, application-code: 85ms)
 GET /media/images/team/apurba-roy.jpg 404 in 300ms (next.js: 161ms, application-code: 139ms)
 GET /media/images/rocket-hero.png 404 in 324ms (next.js: 32ms, application-code: 292ms)
 GET / 200 in 77ms (next.js: 14ms, proxy.ts: 11ms, application-code: 52ms)
 GET /media/images/team-group.jpg 404 in 315ms (next.js: 30ms, application-code: 285ms)
 GET /media/icons/diit.png 404 in 176ms (next.js: 28ms, application-code: 148ms)
 GET /missions 200 in 243ms (next.js: 84ms, proxy.ts: 5ms, application-code: 154ms)
 GET /media/images/galaxy-space.png 404 in 184ms (next.js: 27ms, application-code: 157ms)
 GET /missions/rocket-test-1 200 in 1436ms (next.js: 1354ms, proxy.ts: 9ms, application-code: 73ms)
 GET / 200 in 97ms (next.js: 11ms, proxy.ts: 8ms, application-code: 78ms)
 GET /media/images/team-group.jpg 404 in 667ms (next.js: 19ms, application-code: 648ms)
 GET /media/icons/diit.png 404 in 583ms (next.js: 47ms, application-code: 536ms)
 GET /missions 200 in 552ms (next.js: 39ms, proxy.ts: 58ms, application-code: 456ms)
 GET /news 200 in 3.3s (next.js: 2.9s, proxy.ts: 10ms, application-code: 356ms)
 GET /media/images/rocket-launch.png 404 in 499ms (next.js: 57ms, application-code: 442ms)
 GET /news/cansat-competition-2026 200 in 1650ms (next.js: 1554ms, proxy.ts: 16ms, application-code: 80ms)
 GET /media/images/cansat-prototype.png 404 in 166ms (next.js: 15ms, application-code: 151ms)
 GET / 200 in 54ms (next.js: 9ms, proxy.ts: 6ms, application-code: 39ms)
 GET /media/images/team-group.jpg 404 in 308ms (next.js: 62ms, application-code: 246ms)
 GET /media/icons/diit.png 404 in 198ms (next.js: 20ms, application-code: 178ms)
 GET / 200 in 181ms (next.js: 12ms, proxy.ts: 8ms, application-code: 161ms)
 GET / 200 in 179ms (next.js: 10ms, proxy.ts: 12ms, application-code: 157ms)
 GET /media/icons/diit.png 404 in 307ms (next.js: 31ms, application-code: 276ms)
 GET /media/images/team-group.jpg 404 in 333ms (next.js: 18ms, application-code: 316ms)
 GET /who-we-are 200 in 223ms (next.js: 12ms, proxy.ts: 7ms, application-code: 204ms)
 GET /media/images/skyward-logo.png 404 in 211ms (next.js: 18ms, application-code: 192ms)
 GET /media/images/team/apurba-roy.jpg 404 in 209ms (next.js: 15ms, application-code: 194ms)
 GET /who-we-are 200 in 183ms (next.js: 12ms, proxy.ts: 7ms, application-code: 165ms)
 GET /media/images/team/apurba-roy.jpg 404 in 165ms (next.js: 14ms, application-code: 150ms)
 GET /media/images/skyward-logo.png 404 in 151ms (next.js: 12ms, application-code: 139ms)
 GET / 200 in 158ms (next.js: 9ms, proxy.ts: 7ms, application-code: 143ms)
 GET / 200 in 217ms (next.js: 26ms, proxy.ts: 10ms, application-code: 181ms)
 GET / 200 in 195ms (next.js: 17ms, proxy.ts: 10ms, application-code: 168ms)
 GET /media/icons/diit.png 404 in 221ms (next.js: 19ms, application-code: 202ms)
 GET /media/images/team-group.jpg 404 in 197ms (next.js: 27ms, application-code: 170ms)
 GET / 200 in 172ms (next.js: 9ms, proxy.ts: 12ms, application-code: 151ms)
 GET /media/icons/diit.png 404 in 155ms (next.js: 12ms, application-code: 143ms)
 GET /media/icons/diit.png 404 in 160ms (next.js: 11ms, application-code: 149ms)
 GET /media/images/team-group.jpg 404 in 123ms (next.js: 11ms, application-code: 112ms)
 GET / 200 in 429ms (next.js: 20ms, proxy.ts: 10ms, application-code: 399ms)
 GET /media/images/galaxy-space.png 404 in 207ms (next.js: 14ms, application-code: 193ms)
 GET /media/images/hero-ocean.png 404 in 127ms (next.js: 12ms, application-code: 115ms)
 GET /media/images/skyward-logo.png 404 in 240ms (next.js: 16ms, application-code: 224ms)
 GET /media/images/team-work.png 404 in 239ms (next.js: 11ms, application-code: 227ms)
 GET /media/icons/diit.png 404 in 200ms (next.js: 16ms, application-code: 184ms)
 GET /media/images/rocket-hero.png 404 in 180ms (next.js: 13ms, application-code: 167ms)
 GET /media/images/team-group.jpg 404 in 173ms (next.js: 12ms, application-code: 161ms)
 GET /media/images/team-group.jpg 404 in 144ms (next.js: 11ms, application-code: 133ms)
 GET /media/images/galaxy-space.png 404 in 117ms (next.js: 11ms, application-code: 106ms)
 GET /media/images/hero-ocean.png 404 in 187ms (next.js: 13ms, application-code: 174ms)
 GET /media/images/skyward-logo.png 404 in 145ms (next.js: 12ms, application-code: 133ms)
 GET /media/images/team-work.png 404 in 131ms (next.js: 11ms, application-code: 120ms)
 GET /media/images/rocket-hero.png 404 in 141ms (next.js: 11ms, application-code: 130ms)
 GET /media/icons/diit.png 404 in 142ms (next.js: 13ms, application-code: 129ms)
 GET / 200 in 152ms (next.js: 10ms, proxy.ts: 7ms, application-code: 136ms)
 GET /media/icons/diit.png 404 in 212ms (next.js: 16ms, application-code: 196ms)
 GET /media/images/team-group.jpg 404 in 160ms (next.js: 12ms, application-code: 148ms)
 GET / 200 in 200ms (next.js: 11ms, proxy.ts: 17ms, application-code: 172ms)
 GET / 200 in 189ms (next.js: 7ms, proxy.ts: 6ms, application-code: 176ms)
 GET / 200 in 142ms (next.js: 7ms, proxy.ts: 6ms, application-code: 128ms)
 GET / 200 in 193ms (next.js: 8ms, proxy.ts: 8ms, application-code: 177ms)
 GET /media/icons/diit.png 404 in 185ms (next.js: 13ms, application-code: 171ms)
 GET /media/images/team-group.jpg 404 in 122ms (next.js: 11ms, application-code: 111ms)
 GET / 200 in 173ms (next.js: 10ms, proxy.ts: 5ms, application-code: 158ms)
 GET /media/icons/diit.png 404 in 184ms (next.js: 16ms, application-code: 168ms)
 GET /media/images/team-group.jpg 404 in 131ms (next.js: 14ms, application-code: 117ms)
 GET / 200 in 175ms (next.js: 8ms, proxy.ts: 9ms, application-code: 158ms)
 GET /media/icons/diit.png 404 in 194ms (next.js: 16ms, application-code: 178ms)
 GET /media/images/team-group.jpg 404 in 185ms (next.js: 22ms, application-code: 163ms)
 GET / 200 in 271ms (next.js: 17ms, proxy.ts: 10ms, application-code: 244ms)
 GET /media/icons/diit.png 404 in 281ms (next.js: 22ms, application-code: 258ms)
 GET /media/images/team-group.jpg 404 in 278ms (next.js: 14ms, application-code: 264ms)
 GET / 200 in 189ms (next.js: 11ms, proxy.ts: 6ms, application-code: 173ms)
 GET / 200 in 187ms (next.js: 10ms, proxy.ts: 7ms, application-code: 170ms)
 GET /media/icons/diit.png 404 in 421ms (next.js: 37ms, application-code: 384ms)
 GET /media/images/team-group.jpg 404 in 189ms (next.js: 17ms, application-code: 171ms)
 GET / 200 in 199ms (next.js: 12ms, proxy.ts: 15ms, application-code: 172ms)
 GET /media/icons/diit.png 404 in 197ms (next.js: 14ms, application-code: 183ms)
 GET /media/images/team-group.jpg 404 in 266ms (next.js: 20ms, application-code: 246ms)
 GET / 200 in 189ms (next.js: 15ms, proxy.ts: 8ms, application-code: 166ms)
 GET /media/icons/diit.png 404 in 206ms (next.js: 13ms, application-code: 193ms)
 GET /media/images/team-group.jpg 404 in 201ms (next.js: 15ms, application-code: 186ms)
 GET / 200 in 202ms (next.js: 9ms, proxy.ts: 10ms, application-code: 182ms)
 GET /media/icons/diit.png 404 in 244ms (next.js: 19ms, application-code: 225ms)
 GET /media/images/team-group.jpg 404 in 217ms (next.js: 17ms, application-code: 201ms)
 GET / 200 in 212ms (next.js: 10ms, proxy.ts: 15ms, application-code: 187ms)
 GET /media/icons/diit.png 404 in 201ms (next.js: 14ms, application-code: 186ms)
 GET / 200 in 259ms (next.js: 10ms, proxy.ts: 9ms, application-code: 240ms)
 GET /media/icons/diit.png 404 in 287ms (next.js: 18ms, application-code: 269ms)
 GET /media/images/team-group.jpg 404 in 265ms (next.js: 16ms, application-code: 248ms)
 GET /media/images/team-group.jpg 404 in 185ms (next.js: 15ms, application-code: 170ms)
 GET /who-we-are 200 in 194ms (next.js: 10ms, proxy.ts: 9ms, application-code: 175ms)
 GET /media/images/skyward-logo.png 404 in 170ms (next.js: 15ms, application-code: 155ms)
 GET /media/images/team/apurba-roy.jpg 404 in 168ms (next.js: 16ms, application-code: 153ms)
 GET / 200 in 206ms (next.js: 10ms, proxy.ts: 9ms, application-code: 187ms)
 GET /media/icons/diit.png 404 in 221ms (next.js: 20ms, application-code: 201ms)
 GET / 200 in 319ms (next.js: 25ms, proxy.ts: 16ms, application-code: 278ms)
 GET /media/icons/diit.png 404 in 305ms (next.js: 15ms, application-code: 290ms)
 GET /media/images/team-group.jpg 404 in 187ms (next.js: 14ms, application-code: 173ms)
 GET /media/images/team-group.jpg 404 in 180ms (next.js: 15ms, application-code: 165ms)
 GET /media/images/team-group.jpg 404 in 186ms (next.js: 25ms, application-code: 162ms)
 GET /who-we-are 200 in 213ms (next.js: 12ms, proxy.ts: 9ms, application-code: 192ms)
 GET /media/images/skyward-logo.png 404 in 162ms (next.js: 14ms, application-code: 148ms)
 GET / 200 in 172ms (next.js: 10ms, proxy.ts: 7ms, application-code: 155ms)
 GET /media/icons/diit.png 404 in 182ms (next.js: 33ms, application-code: 150ms)
 GET /media/images/team-group.jpg 404 in 169ms (next.js: 14ms, application-code: 155ms)
 GET / 200 in 175ms (next.js: 9ms, proxy.ts: 7ms, application-code: 159ms)
 GET /media/icons/diit.png 404 in 208ms (next.js: 15ms, application-code: 192ms)
 GET /media/images/team-group.jpg 404 in 232ms (next.js: 20ms, application-code: 212ms)
 GET / 200 in 182ms (next.js: 12ms, proxy.ts: 8ms, application-code: 162ms)
 GET /media/icons/diit.png 404 in 238ms (next.js: 26ms, application-code: 212ms)
 GET /media/images/team-group.jpg 404 in 407ms (next.js: 18ms, application-code: 389ms)
 GET /who-we-are 200 in 232ms (next.js: 22ms, proxy.ts: 11ms, application-code: 198ms)
 GET /media/images/skyward-logo.png 404 in 212ms (next.js: 15ms, application-code: 197ms)
 GET / 200 in 192ms (next.js: 13ms, proxy.ts: 8ms, application-code: 171ms)
 GET /media/icons/diit.png 404 in 193ms (next.js: 31ms, application-code: 162ms)
 GET /media/images/team-group.jpg 404 in 173ms (next.js: 11ms, application-code: 162ms)
 GET /who-we-are 200 in 190ms (next.js: 10ms, proxy.ts: 8ms, application-code: 172ms)
 GET /media/images/skyward-logo.png 404 in 181ms (next.js: 15ms, application-code: 166ms)
 GET / 200 in 208ms (next.js: 10ms, proxy.ts: 8ms, application-code: 190ms)
 GET /media/icons/diit.png 404 in 248ms (next.js: 27ms, application-code: 221ms)
 GET /media/images/team-group.jpg 404 in 169ms (next.js: 15ms, application-code: 154ms)
 GET / 200 in 174ms (next.js: 9ms, proxy.ts: 8ms, application-code: 157ms)
 GET /media/icons/diit.png 404 in 257ms (next.js: 23ms, application-code: 234ms)
 GET /media/images/team-group.jpg 404 in 163ms (next.js: 14ms, application-code: 149ms)
 GET / 200 in 187ms (next.js: 9ms, proxy.ts: 9ms, application-code: 169ms)
 GET /media/icons/diit.png 404 in 326ms (next.js: 37ms, application-code: 289ms)
 GET /media/images/team-group.jpg 404 in 155ms (next.js: 12ms, application-code: 142ms)
 GET / 200 in 201ms (next.js: 18ms, proxy.ts: 19ms, application-code: 164ms)
 GET /media/icons/diit.png 404 in 281ms (next.js: 15ms, application-code: 266ms)
 GET /media/images/team-group.jpg 404 in 179ms (next.js: 17ms, application-code: 163ms)
 GET / 200 in 177ms (next.js: 10ms, proxy.ts: 6ms, application-code: 161ms)
 GET /media/icons/diit.png 404 in 172ms (next.js: 15ms, application-code: 157ms)
 GET /media/images/team-group.jpg 404 in 198ms (next.js: 19ms, application-code: 180ms)
 GET / 200 in 232ms (next.js: 20ms, proxy.ts: 18ms, application-code: 194ms)
 GET /media/icons/diit.png 404 in 224ms (next.js: 13ms, application-code: 211ms)
 GET /media/images/team-group.jpg 404 in 179ms (next.js: 16ms, application-code: 163ms)
 GET / 200 in 192ms (next.js: 9ms, proxy.ts: 9ms, application-code: 174ms)
 GET /media/icons/diit.png 404 in 188ms (next.js: 14ms, application-code: 173ms)
 GET /media/images/team-group.jpg 404 in 234ms (next.js: 15ms, application-code: 219ms)
 GET / 200 in 185ms (next.js: 9ms, proxy.ts: 6ms, application-code: 170ms)
 GET /media/icons/diit.png 404 in 191ms (next.js: 23ms, application-code: 168ms)
 GET /media/images/team-group.jpg 404 in 173ms (next.js: 14ms, application-code: 159ms)
 GET / 200 in 251ms (next.js: 10ms, proxy.ts: 29ms, application-code: 212ms)
 GET /media/icons/diit.png 404 in 184ms (next.js: 13ms, application-code: 171ms)
 GET /media/images/team-group.jpg 404 in 327ms (next.js: 39ms, application-code: 288ms)
 GET /who-we-are 200 in 222ms (next.js: 13ms, proxy.ts: 8ms, application-code: 200ms)
 GET /who-we-are 200 in 270ms (next.js: 12ms, proxy.ts: 7ms, application-code: 251ms)
 GET /media/images/skyward-logo.png 404 in 180ms (next.js: 16ms, application-code: 163ms)
 GET / 200 in 192ms (next.js: 10ms, proxy.ts: 6ms, application-code: 176ms)
 GET /who-we-are 200 in 206ms (next.js: 10ms, proxy.ts: 6ms, application-code: 190ms)
 GET /media/images/skyward-logo.png 404 in 246ms (next.js: 18ms, application-code: 228ms)
 GET /media/icons/diit.png 404 in 251ms (next.js: 18ms, application-code: 232ms)
 GET /media/images/team-group.jpg 404 in 203ms (next.js: 21ms, application-code: 183ms)
 GET / 200 in 243ms (next.js: 9ms, proxy.ts: 7ms, application-code: 227ms)
 GET /media/icons/diit.png 404 in 239ms (next.js: 14ms, application-code: 225ms)
 GET /media/images/team-group.jpg 404 in 436ms (next.js: 27ms, application-code: 409ms)
 GET / 200 in 185ms (next.js: 11ms, proxy.ts: 8ms, application-code: 167ms)
 GET /media/icons/diit.png 404 in 298ms (next.js: 22ms, application-code: 275ms)
 GET /media/images/team-group.jpg 404 in 205ms (next.js: 15ms, application-code: 190ms)
 GET / 200 in 273ms (next.js: 13ms, proxy.ts: 8ms, application-code: 252ms)
 GET /media/icons/diit.png 404 in 271ms (next.js: 15ms, application-code: 255ms)
 GET /who-we-are 200 in 255ms (next.js: 9ms, proxy.ts: 9ms, application-code: 237ms)
 GET /media/images/skyward-logo.png 404 in 166ms (next.js: 13ms, application-code: 153ms)
 GET /media/images/team/apurba-roy.jpg 404 in 185ms (next.js: 16ms, application-code: 170ms)
 GET /media/images/team-group.jpg 404 in 182ms (next.js: 23ms, application-code: 159ms)
 GET /who-we-are 200 in 208ms (next.js: 10ms, proxy.ts: 10ms, application-code: 187ms)
 GET /media/images/skyward-logo.png 404 in 191ms (next.js: 19ms, application-code: 172ms)
 GET /media/images/team/apurba-roy.jpg 404 in 177ms (next.js: 20ms, application-code: 157ms)
 GET /team 200 in 234ms (next.js: 16ms, proxy.ts: 8ms, application-code: 211ms)
 GET /media/images/team-work.png 404 in 174ms (next.js: 14ms, application-code: 159ms)
 GET /team 200 in 245ms (next.js: 17ms, proxy.ts: 23ms, application-code: 204ms)
 GET /team 200 in 222ms (next.js: 11ms, proxy.ts: 10ms, application-code: 201ms)
 GET /media/images/team-work.png 404 in 201ms (next.js: 16ms, application-code: 185ms)
 GET /media/images/team-work.png 404 in 169ms (next.js: 13ms, application-code: 156ms)
 GET /team/rocket 200 in 562ms (next.js: 47ms, proxy.ts: 26ms, application-code: 489ms)
 GET /team/satellite 200 in 1937ms (next.js: 1684ms, proxy.ts: 7ms, application-code: 246ms)
 GET /media/images/rocket-hero.png 404 in 307ms (next.js: 24ms, application-code: 283ms)
 GET /media/images/team/apurba-roy.jpg 404 in 189ms (next.js: 14ms, application-code: 176ms)
 GET /media/images/team/niaz-morshed.jpg 404 in 244ms (next.js: 21ms, application-code: 223ms)
 GET /media/images/team/tanvir-ahmed.jpg 404 in 787ms (next.js: 173ms, application-code: 614ms)
 GET /media/images/team/afsana-mimi.jpg 404 in 794ms (next.js: 284ms, application-code: 510ms)
 GET /media/images/team/sifat-sultana.jpg 404 in 806ms (next.js: 563ms, application-code: 243ms)
 GET /media/images/satellite-earth.png 404 in 842ms (next.js: 44ms, application-code: 799ms)
 GET /team/rocket 200 in 264ms (next.js: 11ms, proxy.ts: 8ms, application-code: 245ms)
 GET /media/images/team/apurba-roy.jpg 404 in 154ms (next.js: 17ms, application-code: 136ms)
 GET /media/images/rocket-hero.png 404 in 236ms (next.js: 17ms, application-code: 219ms)
 GET / 200 in 222ms (next.js: 11ms, proxy.ts: 7ms, application-code: 203ms)
 GET /media/icons/diit.png 404 in 219ms (next.js: 24ms, application-code: 195ms)
 GET /programs 200 in 1777ms (next.js: 1331ms, proxy.ts: 9ms, application-code: 438ms)
 GET /media/images/hero-ocean.png 404 in 189ms (next.js: 16ms, application-code: 172ms)
 GET /media/images/team-group.jpg 404 in 163ms (next.js: 14ms, application-code: 148ms)
 GET /missions 200 in 281ms (next.js: 29ms, proxy.ts: 6ms, application-code: 245ms)
 GET /media/images/galaxy-space.png 404 in 201ms (next.js: 12ms, application-code: 189ms)
 GET /join 200 in 1441ms (next.js: 1245ms, proxy.ts: 8ms, application-code: 188ms)
 GET /media/images/galaxy-space.png 404 in 163ms (next.js: 14ms, application-code: 149ms)
 GET /missions 200 in 219ms (next.js: 10ms, proxy.ts: 8ms, application-code: 201ms)
 GET /media/images/galaxy-space.png 404 in 281ms (next.js: 14ms, application-code: 267ms)
 GET /missions/rocket-test-1 200 in 308ms (next.js: 31ms, proxy.ts: 6ms, application-code: 270ms)
 GET / 200 in 186ms (next.js: 9ms, proxy.ts: 9ms, application-code: 168ms)
 GET /media/icons/diit.png 404 in 407ms (next.js: 23ms, application-code: 384ms)
 GET /media/images/team-group.jpg 404 in 184ms (next.js: 17ms, application-code: 167ms)
 GET / 200 in 202ms (next.js: 12ms, proxy.ts: 10ms, application-code: 181ms)
 GET /media/icons/diit.png 404 in 205ms (next.js: 34ms, application-code: 170ms)
 GET /media/images/team-group.jpg 404 in 182ms (next.js: 16ms, application-code: 166ms)
 GET /crowdfund 200 in 2.0s (next.js: 1618ms, proxy.ts: 8ms, application-code: 389ms)
 GET /join 200 in 210ms (next.js: 14ms, proxy.ts: 10ms, application-code: 185ms)
 GET /what-we-do 200 in 1312ms (next.js: 1036ms, proxy.ts: 7ms, application-code: 268ms)
 GET / 200 in 195ms (next.js: 11ms, proxy.ts: 8ms, application-code: 176ms)
 GET /who-we-are 200 in 195ms (next.js: 13ms, proxy.ts: 7ms, application-code: 175ms)
 GET /media/images/skyward-logo.png 404 in 493ms (next.js: 26ms, application-code: 467ms)
 GET /media/icons/diit.png 404 in 259ms (next.js: 18ms, application-code: 241ms)
 GET /media/images/team-group.jpg 404 in 218ms (next.js: 15ms, application-code: 203ms)
 GET /media/images/team/apurba-roy.jpg 404 in 171ms (next.js: 13ms, application-code: 158ms)
 GET / 200 in 206ms (next.js: 14ms, proxy.ts: 10ms, application-code: 182ms)
 GET /media/icons/diit.png 404 in 204ms (next.js: 15ms, application-code: 189ms)
 GET /media/images/team-group.jpg 404 in 152ms (next.js: 13ms, application-code: 139ms)
 GET /missions 200 in 203ms (next.js: 10ms, proxy.ts: 7ms, application-code: 185ms)
 GET /media/images/galaxy-space.png 404 in 168ms (next.js: 13ms, application-code: 155ms)
 GET /missions/cansat-alpha 200 in 567ms (next.js: 117ms, proxy.ts: 15ms, application-code: 435ms)
 GET /media/images/satellite-earth.png 404 in 222ms (next.js: 24ms, application-code: 198ms)
 GET / 200 in 322ms (next.js: 16ms, proxy.ts: 10ms, application-code: 296ms)
 GET /media/icons/diit.png 404 in 260ms (next.js: 38ms, application-code: 222ms)
 GET /media/icons/diit.png 404 in 229ms (next.js: 15ms, application-code: 215ms)
 GET /media/images/team-group.jpg 404 in 209ms (next.js: 15ms, application-code: 194ms)
 GET /crowdfund 200 in 359ms (next.js: 11ms, proxy.ts: 6ms, application-code: 341ms)
 GET /programs/cansat 200 in 1701ms (next.js: 1312ms, proxy.ts: 6ms, application-code: 383ms)
 GET / 200 in 201ms (next.js: 10ms, proxy.ts: 10ms, application-code: 181ms)
 GET /media/icons/diit.png 404 in 264ms (next.js: 16ms, application-code: 248ms)
 GET /media/images/team-group.jpg 404 in 413ms (next.js: 38ms, application-code: 375ms)
 GET /media/icons/diit.png 404 in 441ms (next.js: 100ms, application-code: 340ms)
 GET / 200 in 465ms (next.js: 31ms, proxy.ts: 15ms, application-code: 420ms)
 GET /media/icons/diit.png 404 in 219ms (next.js: 15ms, application-code: 203ms)
 GET /media/images/team-group.jpg 404 in 392ms (next.js: 14ms, application-code: 378ms)
 GET /join 200 in 324ms (next.js: 13ms, proxy.ts: 77ms, application-code: 234ms)
 GET /media/images/galaxy-space.png 404 in 238ms (next.js: 15ms, application-code: 223ms)
 GET /crowdfund 200 in 257ms (next.js: 14ms, proxy.ts: 11ms, application-code: 233ms)
 GET / 200 in 293ms (next.js: 38ms, proxy.ts: 38ms, application-code: 216ms)
 GET /media/icons/diit.png 404 in 223ms (next.js: 16ms, application-code: 207ms)
 GET /what-we-do 200 in 250ms (next.js: 13ms, proxy.ts: 10ms, application-code: 228ms)
 GET /media/images/team-group.jpg 404 in 182ms (next.js: 13ms, application-code: 169ms)
 GET / 200 in 231ms (next.js: 9ms, proxy.ts: 8ms, application-code: 214ms)
 GET /media/icons/diit.png 404 in 202ms (next.js: 19ms, application-code: 183ms)
 GET /media/images/team-group.jpg 404 in 662ms (next.js: 75ms, application-code: 587ms)
 GET /programs 200 in 251ms (next.js: 10ms, proxy.ts: 9ms, application-code: 232ms)
 GET /media/images/hero-ocean.png 404 in 228ms (next.js: 19ms, application-code: 209ms)
 GET / 200 in 205ms (next.js: 9ms, proxy.ts: 9ms, application-code: 188ms)
 GET /media/icons/diit.png 404 in 230ms (next.js: 14ms, application-code: 216ms)
 GET /media/images/team-group.jpg 404 in 179ms (next.js: 15ms, application-code: 164ms)
 GET / 200 in 215ms (next.js: 15ms, proxy.ts: 8ms, application-code: 193ms)
 GET /media/icons/diit.png 404 in 246ms (next.js: 16ms, application-code: 230ms)
 GET /programs 200 in 314ms (next.js: 15ms, proxy.ts: 11ms, application-code: 289ms)
 GET /media/images/hero-ocean.png 404 in 384ms (next.js: 23ms, application-code: 361ms)
 GET /media/images/team-group.jpg 404 in 225ms (next.js: 18ms, application-code: 207ms)
 GET /programs/rocket 200 in 1571ms (next.js: 1185ms, proxy.ts: 6ms, application-code: 380ms)
 GET /media/images/rocket-launch.png 404 in 487ms (next.js: 55ms, application-code: 432ms)
 GET /media/images/rocket-hero.png 404 in 183ms (next.js: 15ms, application-code: 168ms)
 GET /media/images/hero-ocean.png 404 in 268ms (next.js: 13ms, application-code: 255ms)
 GET /missions 200 in 267ms (next.js: 11ms, proxy.ts: 13ms, application-code: 242ms)
 GET /media/images/galaxy-space.png 404 in 165ms (next.js: 13ms, application-code: 152ms)
 GET /news 200 in 252ms (next.js: 30ms, proxy.ts: 6ms, application-code: 215ms)
 GET /media/images/rocket-launch.png 404 in 208ms (next.js: 22ms, application-code: 185ms)
 GET / 200 in 215ms (next.js: 21ms, proxy.ts: 8ms, application-code: 186ms)
 GET /join 200 in 186ms (next.js: 10ms, proxy.ts: 7ms, application-code: 169ms)
 GET /media/images/galaxy-space.png 404 in 560ms (next.js: 26ms, application-code: 534ms)
 GET /media/icons/diit.png 404 in 347ms (next.js: 15ms, application-code: 332ms)
 GET / 200 in 358ms (next.js: 56ms, proxy.ts: 32ms, application-code: 270ms)
 GET /media/icons/diit.png 404 in 239ms (next.js: 30ms, application-code: 209ms)
 GET /who-we-are 200 in 315ms (next.js: 14ms, proxy.ts: 7ms, application-code: 293ms)
 GET /media/images/team-group.jpg 404 in 221ms (next.js: 16ms, application-code: 205ms)
 GET /media/images/skyward-logo.png 404 in 205ms (next.js: 13ms, application-code: 192ms)
 GET /media/images/team-group.jpg 404 in 218ms (next.js: 18ms, application-code: 200ms)
 GET /media/images/team/apurba-roy.jpg 404 in 167ms (next.js: 16ms, application-code: 151ms)
 GET /who-we-are 200 in 232ms (next.js: 13ms, proxy.ts: 11ms, application-code: 209ms)
 GET /media/images/skyward-logo.png 404 in 185ms (next.js: 15ms, application-code: 170ms)
 GET /media/images/team/apurba-roy.jpg 404 in 199ms (next.js: 14ms, application-code: 185ms)
 GET /who-we-are 200 in 443ms (next.js: 15ms, proxy.ts: 13ms, application-code: 414ms)
 GET / 200 in 459ms (next.js: 212ms, proxy.ts: 12ms, application-code: 235ms)
 GET /media/images/skyward-logo.png 404 in 215ms (next.js: 15ms, application-code: 200ms)
 GET /media/icons/diit.png 404 in 315ms (next.js: 19ms, application-code: 295ms)
 GET /who-we-are 200 in 268ms (next.js: 13ms, proxy.ts: 9ms, application-code: 245ms)
 GET /media/images/team-group.jpg 404 in 207ms (next.js: 15ms, application-code: 193ms)
 GET /media/images/team/apurba-roy.jpg 404 in 251ms (next.js: 20ms, application-code: 231ms)
 GET /team 200 in 319ms (next.js: 25ms, proxy.ts: 14ms, application-code: 281ms)
 GET /media/images/team-work.png 404 in 228ms (next.js: 14ms, application-code: 214ms)
 GET /team/rocket 200 in 249ms (next.js: 13ms, proxy.ts: 6ms, application-code: 230ms)
 GET /media/images/team/apurba-roy.jpg 404 in 396ms (next.js: 180ms, application-code: 217ms)
 GET /media/images/rocket-hero.png 404 in 437ms (next.js: 30ms, application-code: 406ms)
 GET /who-we-are 200 in 211ms (next.js: 10ms, proxy.ts: 7ms, application-code: 195ms)
 GET /media/images/skyward-logo.png 404 in 228ms (next.js: 12ms, application-code: 216ms)
 GET / 200 in 207ms (next.js: 10ms, proxy.ts: 6ms, application-code: 191ms)
 GET /media/icons/diit.png 404 in 251ms (next.js: 14ms, application-code: 237ms)
 GET /media/images/team-group.jpg 404 in 188ms (next.js: 13ms, application-code: 175ms)
 GET /media/images/team/apurba-roy.jpg 404 in 205ms (next.js: 17ms, application-code: 188ms)
 GET /team/rocket 200 in 518ms (next.js: 12ms, proxy.ts: 13ms, application-code: 493ms)
 GET /team 200 in 336ms (next.js: 18ms, proxy.ts: 32ms, application-code: 286ms)
 GET /media/images/team/apurba-roy.jpg 404 in 202ms (next.js: 24ms, application-code: 178ms)
 GET /media/images/team-work.png 404 in 237ms (next.js: 15ms, application-code: 222ms)
 GET /team/rocket 200 in 204ms (next.js: 10ms, proxy.ts: 6ms, application-code: 189ms)
 GET /media/images/team/apurba-roy.jpg 404 in 277ms (next.js: 15ms, application-code: 262ms)
 GET /media/images/rocket-hero.png 404 in 198ms (next.js: 20ms, application-code: 178ms)
 GET / 200 in 198ms (next.js: 13ms, proxy.ts: 11ms, application-code: 175ms)
 GET /media/icons/diit.png 404 in 219ms (next.js: 19ms, application-code: 200ms)
 GET /media/images/team-group.jpg 404 in 169ms (next.js: 16ms, application-code: 153ms)
 GET /team/rocket 200 in 198ms (next.js: 9ms, proxy.ts: 8ms, application-code: 181ms)
 GET /media/images/team/apurba-roy.jpg 404 in 212ms (next.js: 20ms, application-code: 192ms)
 GET /media/images/rocket-hero.png 404 in 431ms (next.js: 13ms, application-code: 418ms)
 GET /team/rocket 200 in 254ms (next.js: 21ms, proxy.ts: 10ms, application-code: 224ms)
 GET /media/images/team/apurba-roy.jpg 404 in 185ms (next.js: 16ms, application-code: 170ms)
 GET / 200 in 242ms (next.js: 11ms, proxy.ts: 10ms, application-code: 221ms)
 GET /media/icons/diit.png 404 in 209ms (next.js: 16ms, application-code: 192ms)
 GET /media/images/team-group.jpg 404 in 176ms (next.js: 13ms, application-code: 163ms)
 GET / 200 in 233ms (next.js: 11ms, proxy.ts: 6ms, application-code: 216ms)
 GET /media/icons/diit.png 404 in 254ms (next.js: 17ms, application-code: 238ms)
 GET /media/images/team-group.jpg 404 in 358ms (next.js: 32ms, application-code: 326ms)
 GET /team/rocket 200 in 281ms (next.js: 11ms, proxy.ts: 7ms, application-code: 263ms)
 GET /media/images/team/apurba-roy.jpg 404 in 440ms (next.js: 38ms, application-code: 402ms)
 GET /media/images/rocket-hero.png 404 in 480ms (next.js: 204ms, application-code: 277ms)
 GET / 200 in 207ms (next.js: 11ms, proxy.ts: 6ms, application-code: 191ms)
 GET /media/icons/diit.png 404 in 315ms (next.js: 26ms, application-code: 289ms)
 GET /media/images/team-group.jpg 404 in 194ms (next.js: 13ms, application-code: 180ms)
 GET / 200 in 229ms (next.js: 10ms, proxy.ts: 8ms, application-code: 212ms)
 GET / 200 in 351ms (next.js: 10ms, proxy.ts: 8ms, application-code: 333ms)
 GET /media/icons/diit.png 404 in 294ms (next.js: 21ms, application-code: 273ms)
 GET /media/icons/diit.png 404 in 316ms (next.js: 30ms, application-code: 286ms)
 GET /media/icons/diit.png 404 in 304ms (next.js: 49ms, application-code: 255ms)
 GET /media/images/team-group.jpg 404 in 219ms (next.js: 24ms, application-code: 195ms)
 GET /media/images/team-group.jpg 404 in 302ms (next.js: 20ms, application-code: 282ms)
 GET /media/images/team-group.jpg 404 in 176ms (next.js: 14ms, application-code: 162ms)
 GET /who-we-are 200 in 162ms (next.js: 42ms, proxy.ts: 38ms, application-code: 82ms)
 GET /media/images/skyward-logo.png 404 in 272ms (next.js: 17ms, application-code: 254ms)
 GET /media/images/team/apurba-roy.jpg 404 in 178ms (next.js: 22ms, application-code: 157ms)
 GET / 200 in 165ms (next.js: 10ms, proxy.ts: 7ms, application-code: 148ms)
 GET /media/icons/diit.png 404 in 313ms (next.js: 17ms, application-code: 296ms)
 GET /media/images/team-group.jpg 404 in 165ms (next.js: 19ms, application-code: 146ms)
 GET / 200 in 205ms (next.js: 10ms, proxy.ts: 6ms, application-code: 190ms)
 GET /media/icons/diit.png 404 in 187ms (next.js: 20ms, application-code: 167ms)
 GET /media/images/team-group.jpg 404 in 164ms (next.js: 13ms, application-code: 152ms)
 GET / 200 in 340ms (next.js: 11ms, proxy.ts: 10ms, application-code: 320ms)
 GET /media/icons/diit.png 404 in 348ms (next.js: 16ms, application-code: 332ms)
 GET /media/images/team-group.jpg 404 in 174ms (next.js: 13ms, application-code: 161ms)
 GET /what-we-do 200 in 245ms (next.js: 13ms, proxy.ts: 7ms, application-code: 225ms)
 GET / 200 in 67ms (next.js: 11ms, proxy.ts: 6ms, application-code: 50ms)
 GET /media/images/team-group.jpg 404 in 618ms (next.js: 41ms, application-code: 578ms)
 GET /media/icons/diit.png 404 in 495ms (next.js: 17ms, application-code: 479ms)
 GET /programs 200 in 313ms (next.js: 23ms, proxy.ts: 10ms, application-code: 280ms)
 GET /who-we-are 200 in 98ms (next.js: 12ms, proxy.ts: 7ms, application-code: 80ms)
 GET /media/images/hero-ocean.png 404 in 183ms (next.js: 15ms, application-code: 168ms)
 GET /media/images/team/apurba-roy.jpg 404 in 179ms (next.js: 13ms, application-code: 165ms)
 GET /who-we-are 200 in 213ms (next.js: 10ms, proxy.ts: 7ms, application-code: 196ms)
 GET /media/images/skyward-logo.png 404 in 224ms (next.js: 12ms, application-code: 212ms)
 GET /media/images/team/apurba-roy.jpg 404 in 186ms (next.js: 24ms, application-code: 162ms)
 GET / 200 in 204ms (next.js: 10ms, proxy.ts: 7ms, application-code: 186ms)
 GET / 200 in 268ms (next.js: 19ms, proxy.ts: 12ms, application-code: 237ms)
 GET /media/icons/diit.png 404 in 320ms (next.js: 16ms, application-code: 304ms)
 GET /media/icons/diit.png 404 in 283ms (next.js: 14ms, application-code: 268ms)
 GET /media/images/team-group.jpg 404 in 178ms (next.js: 22ms, application-code: 157ms)
 GET /media/images/team-group.jpg 404 in 170ms (next.js: 14ms, application-code: 156ms)
 GET /who-we-are 200 in 244ms (next.js: 9ms, proxy.ts: 6ms, application-code: 228ms)
 GET /media/images/skyward-logo.png 404 in 235ms (next.js: 20ms, application-code: 214ms)
 GET /media/images/team/apurba-roy.jpg 404 in 177ms (next.js: 14ms, application-code: 163ms)
 GET / 200 in 233ms (next.js: 10ms, proxy.ts: 8ms, application-code: 215ms)
 GET /media/icons/diit.png 404 in 215ms (next.js: 17ms, application-code: 198ms)
 GET / 200 in 221ms (next.js: 14ms, proxy.ts: 8ms, application-code: 198ms)
 GET /media/icons/diit.png 404 in 222ms (next.js: 24ms, application-code: 198ms)
 GET /media/images/team-group.jpg 404 in 241ms (next.js: 13ms, application-code: 229ms)
 GET / 200 in 551ms (next.js: 30ms, proxy.ts: 9ms, application-code: 513ms)
 GET /media/images/team-group.jpg 404 in 227ms (next.js: 18ms, application-code: 209ms)
 GET /media/icons/diit.png 404 in 192ms (next.js: 17ms, application-code: 175ms)
 GET / 200 in 89ms (next.js: 14ms, proxy.ts: 8ms, application-code: 68ms)
 GET /media/icons/diit.png 404 in 417ms (next.js: 55ms, application-code: 362ms)
 GET /media/images/team-group.jpg 404 in 599ms (next.js: 53ms, application-code: 546ms)
 GET /media/images/team-group.jpg 404 in 378ms (next.js: 34ms, application-code: 344ms)
 GET /who-we-are 200 in 956ms (next.js: 57ms, proxy.ts: 22ms, application-code: 877ms)
 GET /media/images/skyward-logo.png 404 in 164ms (next.js: 12ms, application-code: 151ms)
 GET /programs 200 in 276ms (next.js: 13ms, proxy.ts: 10ms, application-code: 253ms)
 GET /media/images/hero-ocean.png 404 in 234ms (next.js: 14ms, application-code: 219ms)
 GET / 200 in 200ms (next.js: 14ms, proxy.ts: 8ms, application-code: 179ms)
 GET /media/icons/diit.png 404 in 846ms (next.js: 23ms, application-code: 823ms)
 GET /media/images/team-group.jpg 404 in 404ms (next.js: 26ms, application-code: 378ms)
 GET /media/images/team/apurba-roy.jpg 404 in 280ms (next.js: 35ms, application-code: 245ms)
 GET /who-we-are 200 in 267ms (next.js: 20ms, proxy.ts: 9ms, application-code: 237ms)
 GET /media/images/skyward-logo.png 404 in 209ms (next.js: 27ms, application-code: 182ms)
 GET / 200 in 245ms (next.js: 11ms, proxy.ts: 6ms, application-code: 228ms)
 GET /media/icons/diit.png 404 in 959ms (next.js: 16ms, application-code: 943ms)
 GET / 200 in 757ms (next.js: 86ms, proxy.ts: 29ms, application-code: 642ms)
 GET /media/images/team-group.jpg 404 in 228ms (next.js: 28ms, application-code: 200ms)
 GET /media/icons/diit.png 404 in 717ms (next.js: 18ms, application-code: 699ms)
 GET /media/images/team-group.jpg 404 in 428ms (next.js: 15ms, application-code: 413ms)
 GET / 200 in 199ms (next.js: 9ms, proxy.ts: 8ms, application-code: 183ms)
 GET /media/icons/diit.png 404 in 248ms (next.js: 14ms, application-code: 234ms)
 GET /media/images/team-group.jpg 404 in 195ms (next.js: 13ms, application-code: 182ms)
 GET / 200 in 276ms (next.js: 16ms, proxy.ts: 8ms, application-code: 251ms)
 GET /media/icons/diit.png 404 in 244ms (next.js: 34ms, application-code: 210ms)
 GET /media/images/team-group.jpg 404 in 282ms (next.js: 21ms, application-code: 261ms)
 GET / 200 in 308ms (next.js: 11ms, proxy.ts: 8ms, application-code: 289ms)
 GET /media/icons/diit.png 404 in 314ms (next.js: 26ms, application-code: 288ms)
 GET /media/images/team-group.jpg 404 in 295ms (next.js: 24ms, application-code: 271ms)
 GET / 200 in 241ms (next.js: 11ms, proxy.ts: 6ms, application-code: 224ms)
 GET /media/icons/diit.png 404 in 401ms (next.js: 42ms, application-code: 358ms)
 GET /media/images/team-group.jpg 404 in 319ms (next.js: 38ms, application-code: 281ms)
 GET / 200 in 309ms (next.js: 12ms, proxy.ts: 7ms, application-code: 289ms)
 GET /media/icons/diit.png 404 in 821ms (next.js: 16ms, application-code: 805ms)
 GET /media/images/team-group.jpg 404 in 339ms (next.js: 66ms, application-code: 273ms)
 GET / 200 in 273ms (next.js: 15ms, proxy.ts: 10ms, application-code: 249ms)
 GET /media/icons/diit.png 404 in 306ms (next.js: 21ms, application-code: 285ms)
 GET /media/images/team-group.jpg 404 in 254ms (next.js: 16ms, application-code: 238ms)
 GET / 200 in 356ms (next.js: 13ms, proxy.ts: 10ms, application-code: 332ms)
 GET /media/icons/diit.png 404 in 447ms (next.js: 28ms, application-code: 419ms)
 GET /media/images/team-group.jpg 404 in 279ms (next.js: 18ms, application-code: 261ms)
 GET / 200 in 407ms (next.js: 15ms, proxy.ts: 14ms, application-code: 378ms)
 GET /media/icons/diit.png 404 in 393ms (next.js: 13ms, application-code: 380ms)
 GET /media/images/team-group.jpg 404 in 205ms (next.js: 14ms, application-code: 190ms)
 GET / 200 in 307ms (next.js: 57ms, proxy.ts: 12ms, application-code: 237ms)
 GET /media/icons/diit.png 404 in 255ms (next.js: 33ms, application-code: 222ms)
 GET /media/images/team-group.jpg 404 in 432ms (next.js: 67ms, application-code: 365ms)
 GET / 200 in 272ms (next.js: 11ms, proxy.ts: 8ms, application-code: 253ms)
 GET /media/icons/diit.png 404 in 321ms (next.js: 30ms, application-code: 290ms)
 GET / 200 in 341ms (next.js: 15ms, proxy.ts: 12ms, application-code: 315ms)
 GET /media/icons/diit.png 404 in 652ms (next.js: 16ms, application-code: 635ms)
 GET /media/images/team-group.jpg 404 in 248ms (next.js: 29ms, application-code: 219ms)
 GET /media/images/team-group.jpg 404 in 346ms (next.js: 14ms, application-code: 332ms)
 GET /what-we-do 200 in 300ms (next.js: 17ms, proxy.ts: 13ms, application-code: 271ms)
 GET /programs 200 in 136ms (next.js: 15ms, proxy.ts: 13ms, application-code: 108ms)
 GET /media/images/hero-ocean.png 404 in 355ms (next.js: 51ms, application-code: 304ms)
 GET /media/icons/diit.png 404 in 455ms (next.js: 74ms, application-code: 381ms)
 GET /media/images/team-group.jpg 404 in 467ms (next.js: 126ms, application-code: 341ms)
 GET / 200 in 259ms (next.js: 11ms, proxy.ts: 9ms, application-code: 239ms)
 GET /media/icons/diit.png 404 in 223ms (next.js: 18ms, application-code: 206ms)
 GET /media/images/team-group.jpg 404 in 189ms (next.js: 16ms, application-code: 173ms)
 GET /what-we-do 200 in 249ms (next.js: 13ms, proxy.ts: 8ms, application-code: 228ms)
 GET /programs 200 in 146ms (next.js: 13ms, proxy.ts: 44ms, application-code: 89ms)
 GET /programs/rocket 200 in 161ms (next.js: 17ms, proxy.ts: 10ms, application-code: 134ms)
 GET /media/images/rocket-hero.png 404 in 459ms (next.js: 29ms, application-code: 429ms)
 GET /media/images/rocket-launch.png 404 in 242ms (next.js: 36ms, application-code: 206ms)
 GET / 200 in 215ms (next.js: 9ms, proxy.ts: 8ms, application-code: 197ms)
 GET /media/icons/diit.png 404 in 242ms (next.js: 16ms, application-code: 227ms)
 GET / 200 in 74ms (next.js: 11ms, proxy.ts: 8ms, application-code: 54ms)
 GET /media/images/team-group.jpg 404 in 432ms (next.js: 66ms, application-code: 366ms)
 GET /media/icons/diit.png 404 in 329ms (next.js: 65ms, application-code: 264ms)
 GET /media/images/team-group.jpg 404 in 288ms (next.js: 25ms, application-code: 263ms)
 GET /programs/cansat 200 in 148ms (next.js: 23ms, proxy.ts: 14ms, application-code: 111ms)
 GET /media/images/team-work.png 404 in 470ms (next.js: 28ms, application-code: 442ms)
 GET /media/images/network-comms.png 404 in 487ms (next.js: 204ms, application-code: 283ms)
 GET /media/icons/diit.png 404 in 595ms (next.js: 63ms, application-code: 532ms)
 GET /media/images/team-group.jpg 404 in 604ms (next.js: 309ms, application-code: 295ms)
 GET /programs/rover 200 in 1714ms (next.js: 1571ms, proxy.ts: 20ms, application-code: 123ms)
 GET /what-we-do 200 in 330ms (next.js: 72ms, proxy.ts: 8ms, application-code: 250ms)
 GET /join 200 in 110ms (next.js: 14ms, proxy.ts: 10ms, application-code: 86ms)
 GET /media/images/galaxy-space.png 404 in 336ms (next.js: 44ms, application-code: 292ms)
 GET /what-we-do 200 in 231ms (next.js: 12ms, proxy.ts: 10ms, application-code: 210ms)
 GET / 200 in 228ms (next.js: 12ms, proxy.ts: 6ms, application-code: 210ms)
 GET /media/icons/diit.png 404 in 223ms (next.js: 20ms, application-code: 203ms)
 GET /media/images/team-group.jpg 404 in 280ms (next.js: 32ms, application-code: 248ms)
 GET /what-we-do 200 in 335ms (next.js: 22ms, proxy.ts: 10ms, application-code: 302ms)
 GET /who-we-are 200 in 243ms (next.js: 11ms, proxy.ts: 8ms, application-code: 224ms)
 GET /media/images/skyward-logo.png 404 in 226ms (next.js: 37ms, application-code: 189ms)
 GET /media/images/team/apurba-roy.jpg 404 in 209ms (next.js: 14ms, application-code: 195ms)
 GET /team 200 in 309ms (next.js: 50ms, proxy.ts: 25ms, application-code: 234ms)
 GET /media/images/team-work.png 404 in 177ms (next.js: 20ms, application-code: 157ms)
 GET /team/rocket 200 in 374ms (next.js: 28ms, proxy.ts: 9ms, application-code: 337ms)
 GET /media/images/team/apurba-roy.jpg 404 in 201ms (next.js: 16ms, application-code: 185ms)
 GET /media/images/rocket-hero.png 404 in 428ms (next.js: 14ms, application-code: 414ms)
 GET /team/rocket 200 in 239ms (next.js: 14ms, proxy.ts: 7ms, application-code: 217ms)
 GET /media/images/team/apurba-roy.jpg 404 in 288ms (next.js: 24ms, application-code: 264ms)
 GET /media/images/team/apurba-roy.jpg 404 in 250ms (next.js: 14ms, application-code: 237ms)
 GET /media/images/rocket-hero.png 404 in 454ms (next.js: 16ms, application-code: 438ms)
 GET /team/rocket 200 in 392ms (next.js: 33ms, proxy.ts: 25ms, application-code: 333ms)
 GET /media/images/team/apurba-roy.jpg 404 in 388ms (next.js: 55ms, application-code: 333ms)
 GET /media/images/rocket-hero.png 404 in 725ms (next.js: 49ms, application-code: 676ms)
 GET /team/rocket 200 in 300ms (next.js: 13ms, proxy.ts: 7ms, application-code: 280ms)
 GET /media/images/team/apurba-roy.jpg 404 in 365ms (next.js: 179ms, application-code: 186ms)
 GET /media/images/rocket-hero.png 404 in 402ms (next.js: 28ms, application-code: 374ms)
 GET /team/rocket 200 in 227ms (next.js: 14ms, proxy.ts: 10ms, application-code: 204ms)
 GET /media/images/team/apurba-roy.jpg 404 in 223ms (next.js: 26ms, application-code: 197ms)
 GET /media/images/rocket-hero.png 404 in 522ms (next.js: 29ms, application-code: 493ms)
 GET /team/rocket 200 in 247ms (next.js: 11ms, proxy.ts: 7ms, application-code: 229ms)
 GET /media/images/team/apurba-roy.jpg 404 in 198ms (next.js: 17ms, application-code: 181ms)
 GET /media/images/rocket-hero.png 404 in 251ms (next.js: 27ms, application-code: 224ms)
 GET /team/rocket 200 in 304ms (next.js: 14ms, proxy.ts: 15ms, application-code: 275ms)
 GET /media/images/rocket-hero.png 404 in 323ms (next.js: 65ms, application-code: 258ms)
 GET /team/rocket 200 in 276ms (next.js: 30ms, proxy.ts: 7ms, application-code: 239ms)
 GET /media/images/rocket-hero.png 404 in 231ms (next.js: 72ms, application-code: 159ms)
 GET /team/rocket 200 in 616ms (next.js: 60ms, proxy.ts: 21ms, application-code: 534ms)
 GET /media/images/rocket-hero.png 404 in 258ms (next.js: 35ms, application-code: 223ms)
 GET /team/rocket 200 in 270ms (next.js: 13ms, proxy.ts: 8ms, application-code: 249ms)
 GET /media/images/rocket-hero.png 404 in 315ms (next.js: 30ms, application-code: 285ms)
 GET /team/rocket 200 in 396ms (next.js: 21ms, proxy.ts: 11ms, application-code: 364ms)
 GET /media/images/rocket-hero.png 404 in 230ms (next.js: 19ms, application-code: 211ms)
 GET /team/rocket 200 in 330ms (next.js: 20ms, proxy.ts: 67ms, application-code: 242ms)
 GET /media/images/rocket-hero.png 404 in 432ms (next.js: 33ms, application-code: 399ms)
 GET /team/rocket 200 in 305ms (next.js: 20ms, proxy.ts: 9ms, application-code: 275ms)
 GET /media/images/rocket-hero.png 404 in 343ms (next.js: 47ms, application-code: 296ms)
 GET /team/rocket 200 in 476ms (next.js: 23ms, proxy.ts: 26ms, application-code: 427ms)
 GET /media/images/rocket-hero.png 404 in 247ms (next.js: 22ms, application-code: 225ms)
 GET /team/rocket 200 in 309ms (next.js: 22ms, proxy.ts: 11ms, application-code: 275ms)
 GET /media/images/rocket-hero.png 404 in 252ms (next.js: 47ms, application-code: 205ms)
 GET /team/rocket 200 in 875ms (next.js: 36ms, proxy.ts: 28ms, application-code: 811ms)
 GET /media/images/team/apurba-roy.jpg 404 in 381ms (next.js: 30ms, application-code: 352ms)
 GET /media/images/rocket-hero.png 404 in 769ms (next.js: 27ms, application-code: 742ms)
 GET /robots.txt 404 in 293ms (next.js: 55ms, proxy.ts: 13ms, application-code: 225ms)
 GET / 200 in 345ms (next.js: 20ms, proxy.ts: 8ms, application-code: 317ms)
 GET /team/rocket 200 in 605ms (next.js: 16ms, proxy.ts: 12ms, application-code: 578ms)
 GET /media/images/rocket-hero.png 404 in 262ms (next.js: 15ms, application-code: 247ms)
 GET /team/rocket 200 in 413ms (next.js: 22ms, proxy.ts: 24ms, application-code: 368ms)
 GET /media/images/rocket-hero.png 404 in 235ms (next.js: 26ms, application-code: 209ms)
 GET /team/rocket 200 in 220ms (next.js: 10ms, proxy.ts: 8ms, application-code: 202ms)
 GET /media/images/rocket-hero.png 404 in 189ms (next.js: 13ms, application-code: 176ms)
 GET /team/rocket 200 in 219ms (next.js: 11ms, proxy.ts: 8ms, application-code: 200ms)
 GET /media/images/rocket-hero.png 404 in 159ms (next.js: 12ms, application-code: 146ms)
 GET /media/images/team/apurba-roy.jpg 404 in 197ms (next.js: 43ms, application-code: 154ms)
 GET /team/rocket 200 in 252ms (next.js: 14ms, proxy.ts: 8ms, application-code: 231ms)
 GET /media/images/team/apurba-roy.jpg 404 in 209ms (next.js: 35ms, application-code: 175ms)
 GET /media/images/rocket-hero.png 404 in 571ms (next.js: 18ms, application-code: 553ms)
 GET /team/rocket 200 in 238ms (next.js: 10ms, proxy.ts: 6ms, application-code: 221ms)
 GET /media/images/rocket-hero.png 404 in 554ms (next.js: 15ms, application-code: 539ms)
 GET /media/images/team/apurba-roy.jpg 404 in 263ms (next.js: 33ms, application-code: 230ms)
 GET /who-we-are 200 in 441ms (next.js: 34ms, proxy.ts: 7ms, application-code: 400ms)
 GET /team/rocket 200 in 218ms (next.js: 11ms, proxy.ts: 8ms, application-code: 200ms)
 GET /media/images/team/apurba-roy.jpg 404 in 296ms (next.js: 116ms, application-code: 180ms)
 GET /programs 200 in 1044ms (next.js: 35ms, proxy.ts: 10ms, application-code: 999ms)
 GET /media/images/rocket-hero.png 404 in 685ms (next.js: 63ms, application-code: 622ms)
 GET /missions 200 in 396ms (next.js: 39ms, proxy.ts: 18ms, application-code: 340ms)
 GET /team/rocket 200 in 289ms (next.js: 11ms, proxy.ts: 7ms, application-code: 270ms)
 GET /media/images/rocket-hero.png 404 in 523ms (next.js: 33ms, application-code: 491ms)
 GET /media/images/team/apurba-roy.jpg 404 in 284ms (next.js: 27ms, application-code: 257ms)
 GET /team/rocket 200 in 297ms (next.js: 12ms, proxy.ts: 10ms, application-code: 276ms)
 GET /media/images/team/apurba-roy.jpg 404 in 286ms (next.js: 32ms, application-code: 254ms)
 GET /media/images/rocket-hero.png 404 in 560ms (next.js: 24ms, application-code: 536ms)
 GET /team/rocket 200 in 217ms (next.js: 11ms, proxy.ts: 13ms, application-code: 193ms)
 GET /media/images/team/apurba-roy.jpg 404 in 202ms (next.js: 27ms, application-code: 175ms)
 GET /media/images/rocket-hero.png 404 in 541ms (next.js: 41ms, application-code: 501ms)
 GET /team/rocket 200 in 214ms (next.js: 11ms, proxy.ts: 8ms, application-code: 195ms)
 GET /media/images/rocket-hero.png 404 in 180ms (next.js: 13ms, application-code: 167ms)
 GET /team/rocket 200 in 209ms (next.js: 13ms, proxy.ts: 7ms, application-code: 189ms)
 GET /media/images/rocket-hero.png 404 in 176ms (next.js: 14ms, application-code: 161ms)
 GET /team/rocket 200 in 265ms (next.js: 13ms, proxy.ts: 7ms, application-code: 245ms)
 GET /media/images/rocket-hero.png 404 in 255ms (next.js: 13ms, application-code: 242ms)
 GET /team/rocket 200 in 219ms (next.js: 11ms, proxy.ts: 7ms, application-code: 201ms)
 GET /media/images/rocket-hero.png 404 in 274ms (next.js: 18ms, application-code: 256ms)
 GET /team/rocket 200 in 322ms (next.js: 12ms, proxy.ts: 16ms, application-code: 294ms)
 GET /media/images/rocket-hero.png 404 in 237ms (next.js: 13ms, application-code: 223ms)
 GET /team/rocket 200 in 219ms (next.js: 10ms, proxy.ts: 7ms, application-code: 201ms)
 GET /media/images/rocket-hero.png 404 in 229ms (next.js: 20ms, application-code: 209ms)
 GET /team/rocket 200 in 282ms (next.js: 25ms, proxy.ts: 12ms, application-code: 245ms)
 GET /media/images/rocket-hero.png 404 in 327ms (next.js: 34ms, application-code: 294ms)
 GET /team/rocket 200 in 299ms (next.js: 15ms, proxy.ts: 9ms, application-code: 274ms)
 GET /media/images/rocket-hero.png 404 in 316ms (next.js: 17ms, application-code: 299ms)
 GET /team/rocket 200 in 298ms (next.js: 12ms, proxy.ts: 8ms, application-code: 278ms)
 GET /media/images/rocket-hero.png 404 in 349ms (next.js: 28ms, application-code: 321ms)
 GET /team/rocket 200 in 324ms (next.js: 14ms, proxy.ts: 9ms, application-code: 302ms)
 GET /media/images/rocket-hero.png 404 in 217ms (next.js: 16ms, application-code: 201ms)
 GET /team/rocket 200 in 380ms (next.js: 14ms, proxy.ts: 9ms, application-code: 357ms)
 GET /media/images/rocket-hero.png 404 in 350ms (next.js: 15ms, application-code: 335ms)
 GET /team/rocket 200 in 228ms (next.js: 11ms, proxy.ts: 14ms, application-code: 203ms)
 GET /media/images/rocket-hero.png 404 in 242ms (next.js: 15ms, application-code: 227ms)
 GET /team/rocket 200 in 222ms (next.js: 11ms, proxy.ts: 8ms, application-code: 202ms)
 GET /media/images/rocket-hero.png 404 in 244ms (next.js: 15ms, application-code: 229ms)
 GET /team/rocket 200 in 370ms (next.js: 19ms, proxy.ts: 13ms, application-code: 338ms)
 GET /media/images/rocket-hero.png 404 in 223ms (next.js: 16ms, application-code: 207ms)
 GET /team/rocket 200 in 455ms (next.js: 14ms, proxy.ts: 10ms, application-code: 431ms)
 GET /media/images/rocket-hero.png 404 in 198ms (next.js: 25ms, application-code: 173ms)
 GET /team/rocket 200 in 248ms (next.js: 15ms, proxy.ts: 14ms, application-code: 219ms)
 GET /media/images/rocket-hero.png 404 in 187ms (next.js: 17ms, application-code: 170ms)
 GET /team/rocket 200 in 362ms (next.js: 11ms, proxy.ts: 8ms, application-code: 343ms)
 GET /media/images/rocket-hero.png 404 in 182ms (next.js: 16ms, application-code: 167ms)
 GET /team/rocket 200 in 267ms (next.js: 10ms, proxy.ts: 11ms, application-code: 245ms)
 GET /media/images/rocket-hero.png 404 in 241ms (next.js: 17ms, application-code: 224ms)
 GET /team/rocket 200 in 295ms (next.js: 13ms, proxy.ts: 11ms, application-code: 271ms)
 GET /media/images/rocket-hero.png 404 in 258ms (next.js: 20ms, application-code: 239ms)
 GET /team/rocket 200 in 233ms (next.js: 13ms, proxy.ts: 7ms, application-code: 213ms)
 GET /media/images/rocket-hero.png 404 in 192ms (next.js: 18ms, application-code: 174ms)
 GET /team/rocket 200 in 270ms (next.js: 31ms, proxy.ts: 33ms, application-code: 206ms)
 GET /media/images/rocket-hero.png 404 in 317ms (next.js: 14ms, application-code: 303ms)
 GET /team/rocket 200 in 239ms (next.js: 14ms, proxy.ts: 8ms, application-code: 217ms)
 GET /media/images/rocket-hero.png 404 in 190ms (next.js: 15ms, application-code: 175ms)
 GET /team/rocket 200 in 210ms (next.js: 11ms, proxy.ts: 10ms, application-code: 190ms)
 GET /media/images/rocket-hero.png 404 in 371ms (next.js: 15ms, application-code: 356ms)
 GET /team/rocket 200 in 282ms (next.js: 25ms, proxy.ts: 10ms, application-code: 247ms)
 GET /media/images/rocket-hero.png 404 in 243ms (next.js: 23ms, application-code: 220ms)
 GET /media/images/team/apurba-roy.jpg 404 in 280ms (next.js: 49ms, application-code: 231ms)
 GET /team/rocket 200 in 294ms (next.js: 15ms, proxy.ts: 10ms, application-code: 269ms)
 GET /media/images/rocket-hero.png 404 in 754ms (next.js: 167ms, application-code: 587ms)
 GET /media/images/team/apurba-roy.jpg 404 in 312ms (next.js: 29ms, application-code: 283ms)
 GET /team/rocket 200 in 291ms (next.js: 15ms, proxy.ts: 16ms, application-code: 260ms)
 GET /media/images/rocket-hero.png 404 in 324ms (next.js: 19ms, application-code: 305ms)
 GET /team/rocket 200 in 369ms (next.js: 13ms, proxy.ts: 9ms, application-code: 348ms)
 GET /media/images/rocket-hero.png 404 in 265ms (next.js: 40ms, application-code: 225ms)
 GET /media/images/team/apurba-roy.jpg 404 in 221ms (next.js: 17ms, application-code: 204ms)
 GET / 200 in 618ms (next.js: 32ms, proxy.ts: 21ms, application-code: 565ms)
 GET /media/icons/diit.png 404 in 1700ms (next.js: 96ms, application-code: 1604ms)
 GET /media/images/team-group.jpg 404 in 1239ms (next.js: 53ms, application-code: 1186ms)
 GET /who-we-are 200 in 641ms (next.js: 61ms, proxy.ts: 27ms, application-code: 554ms)
 GET /media/images/skyward-logo.png 404 in 403ms (next.js: 63ms, application-code: 340ms)
 GET /media/images/team/apurba-roy.jpg 404 in 1000ms (next.js: 62ms, application-code: 937ms)
 GET /team 200 in 372ms (next.js: 22ms, proxy.ts: 11ms, application-code: 339ms)
 GET /media/images/team-work.png 404 in 369ms (next.js: 31ms, application-code: 338ms)
 GET /team/rocket 200 in 506ms (next.js: 19ms, proxy.ts: 35ms, application-code: 453ms)
 GET /media/images/team/apurba-roy.jpg 404 in 532ms (next.js: 28ms, application-code: 504ms)
 GET /media/images/rocket-hero.png 404 in 894ms (next.js: 26ms, application-code: 868ms)
 GET /team/rocket 200 in 644ms (next.js: 23ms, proxy.ts: 32ms, application-code: 589ms)
 GET /media/images/team/apurba-roy.jpg 404 in 486ms (next.js: 35ms, application-code: 451ms)
 GET /media/images/rocket-hero.png 404 in 897ms (next.js: 99ms, application-code: 798ms)
 GET /team/rocket 200 in 675ms (next.js: 24ms, proxy.ts: 15ms, application-code: 636ms)
 GET /media/images/team/apurba-roy.jpg 404 in 699ms (next.js: 53ms, application-code: 646ms)
 GET /team/rocket 200 in 367ms (next.js: 30ms, proxy.ts: 21ms, application-code: 316ms)
 GET /media/images/rocket-hero.png 404 in 320ms (next.js: 19ms, application-code: 301ms)
 GET /team/rocket 200 in 398ms (next.js: 21ms, proxy.ts: 25ms, application-code: 352ms)
 GET /media/images/team/apurba-roy.jpg 404 in 323ms (next.js: 41ms, application-code: 282ms)
 GET /team/rocket 200 in 324ms (next.js: 15ms, proxy.ts: 10ms, application-code: 300ms)
 GET /media/images/rocket-hero.png 404 in 348ms (next.js: 33ms, application-code: 315ms)
 GET / 200 in 478ms (next.js: 27ms, proxy.ts: 17ms, application-code: 435ms)
 GET /media/icons/diit.png 404 in 434ms (next.js: 88ms, application-code: 345ms)
 GET /media/images/team-group.jpg 404 in 926ms (next.js: 36ms, application-code: 890ms)
 GET /team/rocket 200 in 291ms (next.js: 14ms, proxy.ts: 15ms, application-code: 262ms)
 GET /media/images/rocket-hero.png 404 in 270ms (next.js: 20ms, application-code: 251ms)
 GET /media/images/team/apurba-roy.jpg 404 in 233ms (next.js: 35ms, application-code: 197ms)
 GET /who-we-are 200 in 405ms (next.js: 15ms, proxy.ts: 10ms, application-code: 381ms)
 GET /media/images/skyward-logo.png 404 in 391ms (next.js: 26ms, application-code: 365ms)
 GET /programs 200 in 450ms (next.js: 17ms, proxy.ts: 11ms, application-code: 421ms)
 GET /missions 200 in 440ms (next.js: 49ms, proxy.ts: 68ms, application-code: 323ms)
 GET /news 200 in 343ms (next.js: 49ms, proxy.ts: 11ms, application-code: 283ms)
 GET /media/images/rocket-launch.png 404 in 345ms (next.js: 26ms, application-code: 319ms)
 GET / 200 in 308ms (next.js: 13ms, proxy.ts: 18ms, application-code: 277ms)
 GET /media/icons/diit.png 404 in 573ms (next.js: 75ms, application-code: 498ms)
 GET /media/images/team-group.jpg 404 in 285ms (next.js: 24ms, application-code: 261ms)
 GET / 200 in 487ms (next.js: 26ms, proxy.ts: 32ms, application-code: 430ms)
 GET /media/icons/diit.png 404 in 750ms (next.js: 62ms, application-code: 688ms)
 GET /media/images/team-group.jpg 404 in 420ms (next.js: 30ms, application-code: 390ms)
 GET / 200 in 254ms (next.js: 18ms, proxy.ts: 12ms, application-code: 224ms)
 GET /media/icons/diit.png 404 in 302ms (next.js: 22ms, application-code: 280ms)
 GET /media/images/team-group.jpg 404 in 321ms (next.js: 34ms, application-code: 287ms)
 GET / 200 in 244ms (next.js: 11ms, proxy.ts: 10ms, application-code: 223ms)
 GET /media/icons/diit.png 404 in 306ms (next.js: 25ms, application-code: 281ms)
 GET /media/images/team-group.jpg 404 in 275ms (next.js: 44ms, application-code: 231ms)
 GET / 200 in 279ms (next.js: 13ms, proxy.ts: 10ms, application-code: 256ms)
 GET /media/icons/diit.png 404 in 283ms (next.js: 26ms, application-code: 257ms)
 GET /media/images/team-group.jpg 404 in 224ms (next.js: 15ms, application-code: 209ms)
 GET / 200 in 259ms (next.js: 14ms, proxy.ts: 10ms, application-code: 234ms)
 GET /media/icons/diit.png 404 in 489ms (next.js: 15ms, application-code: 475ms)
 GET /media/images/team-group.jpg 404 in 266ms (next.js: 41ms, application-code: 225ms)
 GET / 200 in 246ms (next.js: 12ms, proxy.ts: 8ms, application-code: 226ms)
 GET /media/icons/diit.png 404 in 209ms (next.js: 17ms, application-code: 192ms)
 GET /media/images/team-group.jpg 404 in 208ms (next.js: 16ms, application-code: 193ms)
 GET / 200 in 253ms (next.js: 13ms, proxy.ts: 8ms, application-code: 232ms)
 GET /media/icons/diit.png 404 in 240ms (next.js: 16ms, application-code: 224ms)
 GET /media/images/team-group.jpg 404 in 227ms (next.js: 16ms, application-code: 211ms)
 GET / 200 in 345ms (next.js: 19ms, proxy.ts: 23ms, application-code: 303ms)
 GET /media/icons/diit.png 404 in 549ms (next.js: 184ms, application-code: 365ms)
 GET /media/images/team-group.jpg 404 in 519ms (next.js: 32ms, application-code: 487ms)
 GET / 200 in 273ms (next.js: 12ms, proxy.ts: 11ms, application-code: 250ms)
 GET /media/icons/diit.png 404 in 259ms (next.js: 16ms, application-code: 243ms)
 GET /media/images/team-group.jpg 404 in 201ms (next.js: 16ms, application-code: 185ms)
 GET /join 200 in 385ms (next.js: 33ms, proxy.ts: 19ms, application-code: 334ms)
 GET /media/images/galaxy-space.png 404 in 271ms (next.js: 21ms, application-code: 250ms)
 GET / 200 in 678ms (next.js: 23ms, proxy.ts: 10ms, application-code: 645ms)
 GET /media/icons/diit.png 404 in 291ms (next.js: 38ms, application-code: 253ms)
 GET /media/images/team-group.jpg 404 in 281ms (next.js: 34ms, application-code: 248ms)
 GET / 200 in 328ms (next.js: 14ms, proxy.ts: 14ms, application-code: 301ms)
 GET /media/icons/diit.png 404 in 216ms (next.js: 21ms, application-code: 196ms)
 GET /media/images/team-group.jpg 404 in 283ms (next.js: 16ms, application-code: 267ms)
 GET / 200 in 335ms (next.js: 28ms, proxy.ts: 17ms, application-code: 290ms)
 GET /media/icons/diit.png 404 in 251ms (next.js: 17ms, application-code: 234ms)
 GET /media/images/team-group.jpg 404 in 232ms (next.js: 18ms, application-code: 214ms)
 GET / 200 in 327ms (next.js: 13ms, proxy.ts: 13ms, application-code: 302ms)
 GET /media/icons/diit.png 404 in 246ms (next.js: 14ms, application-code: 232ms)
 GET /media/images/team-group.jpg 404 in 253ms (next.js: 16ms, application-code: 236ms)
 GET /who-we-are 200 in 208ms (next.js: 18ms, proxy.ts: 23ms, application-code: 167ms)
 GET /media/images/skyward-logo.png 404 in 507ms (next.js: 31ms, application-code: 476ms)
 GET /media/images/team/apurba-roy.jpg 404 in 688ms (next.js: 319ms, application-code: 369ms)
 GET / 200 in 240ms (next.js: 11ms, proxy.ts: 11ms, application-code: 219ms)
 GET /media/icons/diit.png 404 in 194ms (next.js: 15ms, application-code: 178ms)
 GET /media/images/team-group.jpg 404 in 286ms (next.js: 20ms, application-code: 266ms)
 GET / 200 in 282ms (next.js: 11ms, proxy.ts: 19ms, application-code: 252ms)
 GET /media/icons/diit.png 404 in 270ms (next.js: 15ms, application-code: 255ms)
 GET /media/images/team-group.jpg 404 in 205ms (next.js: 20ms, application-code: 185ms)
 GET / 200 in 250ms (next.js: 11ms, proxy.ts: 11ms, application-code: 228ms)
 GET /media/icons/diit.png 404 in 214ms (next.js: 14ms, application-code: 200ms)
 GET /media/images/team-group.jpg 404 in 228ms (next.js: 13ms, application-code: 215ms)
 GET /who-we-are 200 in 105ms (next.js: 13ms, proxy.ts: 9ms, application-code: 83ms)
 GET /media/images/team/apurba-roy.jpg 404 in 273ms (next.js: 45ms, application-code: 228ms)
 GET /media/images/skyward-logo.png 404 in 1048ms (next.js: 77ms, application-code: 971ms)
 GET / 200 in 399ms (next.js: 10ms, proxy.ts: 8ms, application-code: 381ms)
 GET /media/icons/diit.png 404 in 226ms (next.js: 17ms, application-code: 210ms)
 GET /media/images/team-group.jpg 404 in 286ms (next.js: 14ms, application-code: 272ms)
 GET /team 200 in 378ms (next.js: 26ms, proxy.ts: 21ms, application-code: 331ms)
 GET /media/images/team-work.png 404 in 388ms (next.js: 23ms, application-code: 364ms)
 GET /team/rocket 200 in 112ms (next.js: 14ms, proxy.ts: 11ms, application-code: 87ms)
 GET /media/images/team/apurba-roy.jpg 404 in 736ms (next.js: 468ms, application-code: 269ms)
 GET /media/images/rocket-hero.png 404 in 781ms (next.js: 58ms, application-code: 723ms)
 GET /what-we-do 200 in 206ms (next.js: 48ms, proxy.ts: 9ms, application-code: 150ms)
 GET /programs 200 in 200ms (next.js: 69ms, proxy.ts: 31ms, application-code: 101ms)
 GET /media/images/hero-ocean.png 404 in 361ms (next.js: 37ms, application-code: 324ms)
 GET /programs/rocket 200 in 178ms (next.js: 22ms, proxy.ts: 9ms, application-code: 147ms)
 GET /media/images/rocket-launch.png 404 in 389ms (next.js: 90ms, application-code: 299ms)
 GET /missions 200 in 144ms (next.js: 38ms, proxy.ts: 9ms, application-code: 98ms)
 GET /media/images/galaxy-space.png 404 in 466ms (next.js: 122ms, application-code: 344ms)
○ Compiling /missions/avionics-test ...
 GET /missions/avionics-test 200 in 5.6s (next.js: 5.2s, proxy.ts: 21ms, application-code: 377ms)
 GET /news 200 in 116ms (next.js: 14ms, proxy.ts: 7ms, application-code: 95ms)
 GET /news/sr1-static-fire-success 200 in 2.3s (next.js: 2.1s, proxy.ts: 16ms, application-code: 223ms)
 GET /media/images/rocket-launch.png 404 in 526ms (next.js: 36ms, application-code: 490ms)
 GET / 200 in 159ms (next.js: 28ms, proxy.ts: 14ms, application-code: 116ms)
 GET /media/icons/diit.png 404 in 873ms (next.js: 47ms, application-code: 826ms)
 GET /media/images/team-group.jpg 404 in 780ms (next.js: 65ms, application-code: 715ms)
 GET / 200 in 319ms (next.js: 22ms, proxy.ts: 10ms, application-code: 287ms)
 GET /media/icons/diit.png 404 in 256ms (next.js: 22ms, application-code: 233ms)
 GET /missions 200 in 196ms (next.js: 38ms, proxy.ts: 25ms, application-code: 133ms)
 GET /media/images/team-group.jpg 404 in 455ms (next.js: 21ms, application-code: 434ms)
 GET / 200 in 183ms (next.js: 25ms, proxy.ts: 24ms, application-code: 135ms)
 GET /media/icons/diit.png 404 in 1077ms (next.js: 95ms, application-code: 982ms)
 GET /media/images/team-group.jpg 404 in 1069ms (next.js: 540ms, application-code: 529ms)
 GET /missions/static-fire-1 200 in 1916ms (next.js: 1583ms, proxy.ts: 35ms, application-code: 299ms)
 GET / 200 in 120ms (next.js: 18ms, proxy.ts: 18ms, application-code: 84ms)
 GET /media/icons/diit.png 404 in 1236ms (next.js: 97ms, application-code: 1139ms)
 GET /media/images/team-group.jpg 404 in 547ms (next.js: 139ms, application-code: 408ms)
 GET /join 200 in 145ms (next.js: 48ms, proxy.ts: 16ms, application-code: 82ms)
 GET /privacy 200 in 292ms (next.js: 170ms, proxy.ts: 10ms, application-code: 111ms)
 GET /terms 200 in 334ms (next.js: 218ms, proxy.ts: 8ms, application-code: 107ms)
 GET / 200 in 89ms (next.js: 14ms, proxy.ts: 8ms, application-code: 66ms)
 GET /media/icons/diit.png 404 in 706ms (next.js: 94ms, application-code: 612ms)
 GET /media/images/team-group.jpg 404 in 697ms (next.js: 268ms, application-code: 429ms)
 GET /crowdfund 200 in 358ms (next.js: 26ms, proxy.ts: 16ms, application-code: 316ms)
 GET / 200 in 233ms (next.js: 13ms, proxy.ts: 8ms, application-code: 213ms)
 GET /media/icons/diit.png 404 in 279ms (next.js: 18ms, application-code: 261ms)
 GET /media/images/team-group.jpg 404 in 207ms (next.js: 14ms, application-code: 193ms)
 GET / 200 in 114ms (next.js: 18ms, proxy.ts: 15ms, application-code: 82ms)
 GET /media/images/team-group.jpg 404 in 609ms (next.js: 32ms, application-code: 577ms)
 GET /media/icons/diit.png 404 in 389ms (next.js: 45ms, application-code: 344ms)
 GET / 200 in 231ms (next.js: 14ms, proxy.ts: 11ms, application-code: 206ms)
 GET /media/icons/diit.png 404 in 235ms (next.js: 24ms, application-code: 212ms)
 GET /media/images/team-group.jpg 404 in 243ms (next.js: 15ms, application-code: 228ms)
 GET / 200 in 257ms (next.js: 11ms, proxy.ts: 24ms, application-code: 222ms)
 GET /media/icons/diit.png 404 in 196ms (next.js: 18ms, application-code: 178ms)
 GET /media/images/team-group.jpg 404 in 208ms (next.js: 16ms, application-code: 192ms)
 GET / 200 in 279ms (next.js: 13ms, proxy.ts: 11ms, application-code: 255ms)
 GET /media/icons/diit.png 404 in 205ms (next.js: 15ms, application-code: 190ms)
 GET /media/images/team-group.jpg 404 in 253ms (next.js: 16ms, application-code: 237ms)
 GET / 200 in 241ms (next.js: 11ms, proxy.ts: 7ms, application-code: 223ms)
 GET /media/icons/diit.png 404 in 193ms (next.js: 14ms, application-code: 179ms)
 GET /media/images/team-group.jpg 404 in 185ms (next.js: 15ms, application-code: 170ms)
